<?xml version="1.0" encoding="UTF-8"?>
<testsuite name="Academy Choucair" tests="1" skipped="0" failures="0" errors="0" timestamp="2021-10-16T19:56:28" hostname="LAPTOP-TTSHHE2V" time="34.235">
  <properties/>
  <testcase name="Search for a automation course" classname="Academy Choucair" time="34.235"/>
  <system-out><![CDATA[]]></system-out>
  <system-err><![CDATA[[Test worker] WARN net.thucydides.core.steps.BaseStepListener - stepStarted: net.thucydides.core.steps.ExecutedStepDescription@3428a992
[Test worker] WARN net.thucydides.core.steps.BaseStepListener - stepStarted: net.thucydides.core.steps.ExecutedStepDescription@4d346d29
[Test worker] WARN net.thucydides.core.steps.BaseStepListener - stepStarted: net.thucydides.core.steps.ExecutedStepDescription@7410c01f
oct 16, 2021 2:56:30 PM org.openqa.selenium.remote.DesiredCapabilities chrome
INFORMACIÓN: Using `new ChromeOptions()` is preferred to `DesiredCapabilities.chrome()`
[Test worker] INFO net.serenitybdd.core.webdriver.driverproviders.ProvideNewDriver - Instantiating driver
[Test worker] INFO net.serenitybdd.core.webdriver.driverproviders.ProvideNewDriver - Driver capabilities: Capabilities {acceptInsecureCerts: false, browserName: chrome, chrome.switches: --start-maximized, goog:chromeOptions: {args: [--start-maximized], extensions: []}, loggingPrefs: org.openqa.selenium.logging..., platform: ANY, version: }
Starting ChromeDriver 94.0.4606.41 (333e85df3c9b656b518b5f1add5ff246365b6c24-refs/branch-heads/4606@{#845}) on port 17300
Only local connections are allowed.
Please see https://chromedriver.chromium.org/security-considerations for suggestions on keeping ChromeDriver safe.
ChromeDriver was started successfully.
oct 16, 2021 2:56:35 PM org.openqa.selenium.remote.ProtocolHandshake createSession
INFORMACIÓN: Detected dialect: W3C
[Test worker] WARN net.thucydides.core.steps.BaseStepListener - stepFinished: current outcome:Search for a automation course:Example: {strUser=1000579838, strPassword=Choucair2021*, strCourse=Metodología Bancolombia} [Given that brandon wants to learn automation at the academy Choucair
| strUser | strPassword |
| 1000579838 | Choucair2021* | [Brandon open up [Brandon opens the Choucair academy page]]]
[Test worker] WARN net.thucydides.core.steps.BaseStepListener - stepFinished: current outcome:Search for a automation course:Example: {strUser=1000579838, strPassword=Choucair2021*, strCourse=Metodología Bancolombia} [Given that brandon wants to learn automation at the academy Choucair
| strUser | strPassword |
| 1000579838 | Choucair2021* | [Brandon open up [Brandon opens the Choucair academy page]]]
[Test worker] WARN net.thucydides.core.steps.BaseStepListener - stepStarted: net.thucydides.core.steps.ExecutedStepDescription@104397d0
[Test worker] WARN net.thucydides.core.steps.BaseStepListener - stepStarted: net.thucydides.core.steps.ExecutedStepDescription@75b1c0bb
[Test worker] WARN net.thucydides.core.steps.BaseStepListener - stepFinished: current outcome:Search for a automation course:Example: {strUser=1000579838, strPassword=Choucair2021*, strCourse=Metodología Bancolombia} [Given that brandon wants to learn automation at the academy Choucair
| strUser | strPassword |
| 1000579838 | Choucair2021* | [Brandon open up [Brandon opens the Choucair academy page], Brandon login [Brandon clicks on button that shows us the form to login]]]
[Test worker] WARN net.thucydides.core.steps.BaseStepListener - stepStarted: net.thucydides.core.steps.ExecutedStepDescription@307b2130
[Test worker] WARN net.thucydides.core.steps.BaseStepListener - stepFinished: current outcome:Search for a automation course:Example: {strUser=1000579838, strPassword=Choucair2021*, strCourse=Metodología Bancolombia} [Given that brandon wants to learn automation at the academy Choucair
| strUser | strPassword |
| 1000579838 | Choucair2021* | [Brandon open up [Brandon opens the Choucair academy page], Brandon login [Brandon clicks on button that shows us the form to login, Brandon enters '1000579838' into Where do we write the user]]]
[Test worker] WARN net.thucydides.core.steps.BaseStepListener - stepStarted: net.thucydides.core.steps.ExecutedStepDescription@15902621
[Test worker] WARN net.thucydides.core.steps.BaseStepListener - stepFinished: current outcome:Search for a automation course:Example: {strUser=1000579838, strPassword=Choucair2021*, strCourse=Metodología Bancolombia} [Given that brandon wants to learn automation at the academy Choucair
| strUser | strPassword |
| 1000579838 | Choucair2021* | [Brandon open up [Brandon opens the Choucair academy page], Brandon login [Brandon clicks on button that shows us the form to login, Brandon enters '1000579838' into Where do we write the user, Brandon enters 'Choucair2021*' into Where do we write the password]]]
[Test worker] WARN net.thucydides.core.steps.BaseStepListener - stepStarted: net.thucydides.core.steps.ExecutedStepDescription@7c07005d
[Test worker] WARN net.thucydides.core.steps.BaseStepListener - stepFinished: current outcome:Search for a automation course:Example: {strUser=1000579838, strPassword=Choucair2021*, strCourse=Metodología Bancolombia} [Given that brandon wants to learn automation at the academy Choucair
| strUser | strPassword |
| 1000579838 | Choucair2021* | [Brandon open up [Brandon opens the Choucair academy page], Brandon login [Brandon clicks on button that shows us the form to login, Brandon enters '1000579838' into Where do we write the user, Brandon enters 'Choucair2021*' into Where do we write the password, Brandon clicks on Button to confirm login]]]
[Test worker] WARN net.thucydides.core.steps.BaseStepListener - stepFinished: current outcome:Search for a automation course:Example: {strUser=1000579838, strPassword=Choucair2021*, strCourse=Metodología Bancolombia} [Given that brandon wants to learn automation at the academy Choucair
| strUser | strPassword |
| 1000579838 | Choucair2021* | [Brandon open up [Brandon opens the Choucair academy page], Brandon login [Brandon clicks on button that shows us the form to login, Brandon enters '1000579838' into Where do we write the user, Brandon enters 'Choucair2021*' into Where do we write the password, Brandon clicks on Button to confirm login]]]
[Test worker] WARN net.thucydides.core.steps.BaseStepListener - stepFinished: current outcome:Search for a automation course:Example: {strUser=1000579838, strPassword=Choucair2021*, strCourse=Metodología Bancolombia} [Given that brandon wants to learn automation at the academy Choucair
| strUser | strPassword |
| 1000579838 | Choucair2021* | [Brandon open up [Brandon opens the Choucair academy page], Brandon login [Brandon clicks on button that shows us the form to login, Brandon enters '1000579838' into Where do we write the user, Brandon enters 'Choucair2021*' into Where do we write the password, Brandon clicks on Button to confirm login]]]
[Test worker] WARN net.thucydides.core.steps.BaseStepListener - stepStarted: net.thucydides.core.steps.ExecutedStepDescription@6f48ef77
[Test worker] WARN net.thucydides.core.steps.BaseStepListener - stepStarted: net.thucydides.core.steps.ExecutedStepDescription@20dca30e
[Test worker] WARN net.thucydides.core.steps.BaseStepListener - stepStarted: net.thucydides.core.steps.ExecutedStepDescription@4822e215
[Test worker] WARN net.thucydides.core.steps.BaseStepListener - stepFinished: current outcome:Search for a automation course:Example: {strUser=1000579838, strPassword=Choucair2021*, strCourse=Metodología Bancolombia} [Given that brandon wants to learn automation at the academy Choucair
| strUser | strPassword |
| 1000579838 | Choucair2021* | [Brandon open up [Brandon opens the Choucair academy page], Brandon login [Brandon clicks on button that shows us the form to login, Brandon enters '1000579838' into Where do we write the user, Brandon enters 'Choucair2021*' into Where do we write the password, Brandon clicks on Button to confirm login]], When he search for the course on the choucair academy platform
| strCourse |
| Metodología Bancolombia | [Brandon search [Brandon clicks on button that shows us the course selected]]]
[Test worker] WARN net.thucydides.core.steps.BaseStepListener - stepStarted: net.thucydides.core.steps.ExecutedStepDescription@2a7ed7e6
[Test worker] WARN net.thucydides.core.steps.BaseStepListener - stepFinished: current outcome:Search for a automation course:Example: {strUser=1000579838, strPassword=Choucair2021*, strCourse=Metodología Bancolombia} [Given that brandon wants to learn automation at the academy Choucair
| strUser | strPassword |
| 1000579838 | Choucair2021* | [Brandon open up [Brandon opens the Choucair academy page], Brandon login [Brandon clicks on button that shows us the form to login, Brandon enters '1000579838' into Where do we write the user, Brandon enters 'Choucair2021*' into Where do we write the password, Brandon clicks on Button to confirm login]], When he search for the course on the choucair academy platform
| strCourse |
| Metodología Bancolombia | [Brandon search [Brandon clicks on button that shows us the course selected, Brandon enters 'Metodología Bancolombia' into Search de course]]]
[Test worker] WARN net.thucydides.core.steps.BaseStepListener - stepStarted: net.thucydides.core.steps.ExecutedStepDescription@57b5036b
[Test worker] WARN net.thucydides.core.steps.BaseStepListener - stepFinished: current outcome:Search for a automation course:Example: {strUser=1000579838, strPassword=Choucair2021*, strCourse=Metodología Bancolombia} [Given that brandon wants to learn automation at the academy Choucair
| strUser | strPassword |
| 1000579838 | Choucair2021* | [Brandon open up [Brandon opens the Choucair academy page], Brandon login [Brandon clicks on button that shows us the form to login, Brandon enters '1000579838' into Where do we write the user, Brandon enters 'Choucair2021*' into Where do we write the password, Brandon clicks on Button to confirm login]], When he search for the course on the choucair academy platform
| strCourse |
| Metodología Bancolombia | [Brandon search [Brandon clicks on button that shows us the course selected, Brandon enters 'Metodología Bancolombia' into Search de course, Brandon clicks on button to search de course]]]
[Test worker] WARN net.thucydides.core.steps.BaseStepListener - stepStarted: net.thucydides.core.steps.ExecutedStepDescription@1f358118
[Test worker] WARN net.thucydides.core.steps.BaseStepListener - stepFinished: current outcome:Search for a automation course:Example: {strUser=1000579838, strPassword=Choucair2021*, strCourse=Metodología Bancolombia} [Given that brandon wants to learn automation at the academy Choucair
| strUser | strPassword |
| 1000579838 | Choucair2021* | [Brandon open up [Brandon opens the Choucair academy page], Brandon login [Brandon clicks on button that shows us the form to login, Brandon enters '1000579838' into Where do we write the user, Brandon enters 'Choucair2021*' into Where do we write the password, Brandon clicks on Button to confirm login]], When he search for the course on the choucair academy platform
| strCourse |
| Metodología Bancolombia | [Brandon search [Brandon clicks on button that shows us the course selected, Brandon enters 'Metodología Bancolombia' into Search de course, Brandon clicks on button to search de course, Brandon clicks on Selection the course required]]]
[Test worker] WARN net.thucydides.core.steps.BaseStepListener - stepFinished: current outcome:Search for a automation course:Example: {strUser=1000579838, strPassword=Choucair2021*, strCourse=Metodología Bancolombia} [Given that brandon wants to learn automation at the academy Choucair
| strUser | strPassword |
| 1000579838 | Choucair2021* | [Brandon open up [Brandon opens the Choucair academy page], Brandon login [Brandon clicks on button that shows us the form to login, Brandon enters '1000579838' into Where do we write the user, Brandon enters 'Choucair2021*' into Where do we write the password, Brandon clicks on Button to confirm login]], When he search for the course on the choucair academy platform
| strCourse |
| Metodología Bancolombia | [Brandon search [Brandon clicks on button that shows us the course selected, Brandon enters 'Metodología Bancolombia' into Search de course, Brandon clicks on button to search de course, Brandon clicks on Selection the course required]]]
[Test worker] WARN net.thucydides.core.steps.BaseStepListener - stepFinished: current outcome:Search for a automation course:Example: {strUser=1000579838, strPassword=Choucair2021*, strCourse=Metodología Bancolombia} [Given that brandon wants to learn automation at the academy Choucair
| strUser | strPassword |
| 1000579838 | Choucair2021* | [Brandon open up [Brandon opens the Choucair academy page], Brandon login [Brandon clicks on button that shows us the form to login, Brandon enters '1000579838' into Where do we write the user, Brandon enters 'Choucair2021*' into Where do we write the password, Brandon clicks on Button to confirm login]], When he search for the course on the choucair academy platform
| strCourse |
| Metodología Bancolombia | [Brandon search [Brandon clicks on button that shows us the course selected, Brandon enters 'Metodología Bancolombia' into Search de course, Brandon clicks on button to search de course, Brandon clicks on Selection the course required]]]
[Test worker] WARN net.thucydides.core.steps.BaseStepListener - stepStarted: net.thucydides.core.steps.ExecutedStepDescription@7f06b561
[Test worker] WARN net.thucydides.core.steps.BaseStepListener - stepStarted: net.thucydides.core.steps.ExecutedStepDescription@3c99fc3d
[Test worker] WARN net.thucydides.core.steps.BaseStepListener - stepFinished: current outcome:Search for a automation course:Example: {strUser=1000579838, strPassword=Choucair2021*, strCourse=Metodología Bancolombia} [Given that brandon wants to learn automation at the academy Choucair
| strUser | strPassword |
| 1000579838 | Choucair2021* | [Brandon open up [Brandon opens the Choucair academy page], Brandon login [Brandon clicks on button that shows us the form to login, Brandon enters '1000579838' into Where do we write the user, Brandon enters 'Choucair2021*' into Where do we write the password, Brandon clicks on Button to confirm login]], When he search for the course on the choucair academy platform
| strCourse |
| Metodología Bancolombia | [Brandon search [Brandon clicks on button that shows us the course selected, Brandon enters 'Metodología Bancolombia' into Search de course, Brandon clicks on button to search de course, Brandon clicks on Selection the course required]], Then he finds the course called
| strCourse |
| Metodología Bancolombia | [Then answer]]
[Test worker] WARN net.thucydides.core.steps.BaseStepListener - stepFinished: current outcome:Search for a automation course:Example: {strUser=1000579838, strPassword=Choucair2021*, strCourse=Metodología Bancolombia} [Given that brandon wants to learn automation at the academy Choucair
| strUser | strPassword |
| 1000579838 | Choucair2021* | [Brandon open up [Brandon opens the Choucair academy page], Brandon login [Brandon clicks on button that shows us the form to login, Brandon enters '1000579838' into Where do we write the user, Brandon enters 'Choucair2021*' into Where do we write the password, Brandon clicks on Button to confirm login]], When he search for the course on the choucair academy platform
| strCourse |
| Metodología Bancolombia | [Brandon search [Brandon clicks on button that shows us the course selected, Brandon enters 'Metodología Bancolombia' into Search de course, Brandon clicks on button to search de course, Brandon clicks on Selection the course required]], Then he finds the course called
| strCourse |
| Metodología Bancolombia | [Then answer]]
[Test worker] WARN net.thucydides.core.steps.BaseStepListener - stepFinished: current outcome:Search for a automation course:Example: {strUser=1000579838, strPassword=Choucair2021*, strCourse=Metodología Bancolombia} [Given that brandon wants to learn automation at the academy Choucair
| strUser | strPassword |
| 1000579838 | Choucair2021* | [Brandon open up [Brandon opens the Choucair academy page], Brandon login [Brandon clicks on button that shows us the form to login, Brandon enters '1000579838' into Where do we write the user, Brandon enters 'Choucair2021*' into Where do we write the password, Brandon clicks on Button to confirm login]], When he search for the course on the choucair academy platform
| strCourse |
| Metodología Bancolombia | [Brandon search [Brandon clicks on button that shows us the course selected, Brandon enters 'Metodología Bancolombia' into Search de course, Brandon clicks on button to search de course, Brandon clicks on Selection the course required]], Then he finds the course called
| strCourse |
| Metodología Bancolombia | [Then answer]]
[Test worker] WARN net.thucydides.core.steps.BaseStepListener - testFinished: Search for a automation course:Example: {strUser=1000579838, strPassword=Choucair2021*, strCourse=Metodología Bancolombia} [Given that brandon wants to learn automation at the academy Choucair
| strUser | strPassword |
| 1000579838 | Choucair2021* | [Brandon open up [Brandon opens the Choucair academy page], Brandon login [Brandon clicks on button that shows us the form to login, Brandon enters '1000579838' into Where do we write the user, Brandon enters 'Choucair2021*' into Where do we write the password, Brandon clicks on Button to confirm login]], When he search for the course on the choucair academy platform
| strCourse |
| Metodología Bancolombia | [Brandon search [Brandon clicks on button that shows us the course selected, Brandon enters 'Metodología Bancolombia' into Search de course, Brandon clicks on button to search de course, Brandon clicks on Selection the course required]], Then he finds the course called
| strCourse |
| Metodología Bancolombia | [Then answer]]
[Test worker] WARN net.thucydides.core.steps.BaseStepListener - TestOutcomes: [Search for a automation course:Example: {strUser=1000579838, strPassword=Choucair2021*, strCourse=Metodología Bancolombia} [Given that brandon wants to learn automation at the academy Choucair
| strUser | strPassword |
| 1000579838 | Choucair2021* | [Brandon open up [Brandon opens the Choucair academy page], Brandon login [Brandon clicks on button that shows us the form to login, Brandon enters '1000579838' into Where do we write the user, Brandon enters 'Choucair2021*' into Where do we write the password, Brandon clicks on Button to confirm login]], When he search for the course on the choucair academy platform
| strCourse |
| Metodología Bancolombia | [Brandon search [Brandon clicks on button that shows us the course selected, Brandon enters 'Metodología Bancolombia' into Search de course, Brandon clicks on button to search de course, Brandon clicks on Selection the course required]], Then he finds the course called
| strCourse |
| Metodología Bancolombia | [Then answer]]]
[Test worker] WARN net.thucydides.core.steps.BaseStepListener - Final testOutcomes: [Search for a automation course:Example: {strUser=1000579838, strPassword=Choucair2021*, strCourse=Metodología Bancolombia} [Given that brandon wants to learn automation at the academy Choucair
| strUser | strPassword |
| 1000579838 | Choucair2021* | [Brandon open up [Brandon opens the Choucair academy page], Brandon login [Brandon clicks on button that shows us the form to login, Brandon enters '1000579838' into Where do we write the user, Brandon enters 'Choucair2021*' into Where do we write the password, Brandon clicks on Button to confirm login]], When he search for the course on the choucair academy platform
| strCourse |
| Metodología Bancolombia | [Brandon search [Brandon clicks on button that shows us the course selected, Brandon enters 'Metodología Bancolombia' into Search de course, Brandon clicks on button to search de course, Brandon clicks on Selection the course required]], Then he finds the course called
| strCourse |
| Metodología Bancolombia | [Then answer]]]
[Test worker] INFO net.thucydides.core.steps.ConsoleLoggingListener - 
        __    _____ _____ ____ _____   ____   _    ____  ____  _____ ____  
  _     \ \  |_   _| ____/ ___|_   _| |  _ \ / \  / ___|/ ___|| ____|  _ \ 
 (_)_____| |   | | |  _| \___ \ | |   | |_) / _ \ \___ \\___ \|  _| | | | |
  _|_____| |   | | | |___ ___) || |   |  __/ ___ \ ___) |___) | |___| |_| |
 (_)     | |   |_| |_____|____/ |_|   |_| /_/   \_\____/|____/|_____|____/ 
        /_/                                                                

TEST PASSED: Search for a automation course
----------------------------------------------------------------------------
]]></system-err>
</testsuite>
